<?xml version="1.0" encoding="UTF-8"?>
<testng-results ignored="0" total="1" passed="1" failed="0" skipped="0">
  <reporter-output>
    <line>
      <![CDATA[DEVIALPANDA    DEVIALPANDA]]>
    </line>
    <line>
      <![CDATA[Stock-000003406    Stock-000003406]]>
    </line>
    <line>
      <![CDATA[Supplier-00000007412  Supplier-00000007412]]>
    </line>
    <line>
      <![CDATA[Customer-00000012845  Customer-00000012845]]>
    </line>
  </reporter-output>
  <suite started-at="2024-11-13T13:37:07 IST" name="Default suite" finished-at="2024-11-13T13:38:26 IST" duration-ms="79625">
    <groups>
    </groups>
    <test started-at="2024-11-13T13:37:07 IST" name="Default test" finished-at="2024-11-13T13:38:26 IST" duration-ms="79625">
      <class name="driverFactory.AppTest">
        <test-method signature="KickStart()[pri:0, instance:driverFactory.AppTest@2b662a77]" started-at="2024-11-13T13:37:07 IST" name="KickStart" finished-at="2024-11-13T13:38:26 IST" duration-ms="79567" status="PASS">
          <reporter-output>
            <line>
              <![CDATA[DEVIALPANDA    DEVIALPANDA]]>
            </line>
            <line>
              <![CDATA[Stock-000003406    Stock-000003406]]>
            </line>
            <line>
              <![CDATA[Supplier-00000007412  Supplier-00000007412]]>
            </line>
            <line>
              <![CDATA[Customer-00000012845  Customer-00000012845]]>
            </line>
          </reporter-output>
        </test-method> <!-- KickStart -->
      </class> <!-- driverFactory.AppTest -->
    </test> <!-- Default test -->
  </suite> <!-- Default suite -->
</testng-results>
